<?xml version="1.0" encoding="UTF-8"?>
<testsuite name="integration.MainTest" tests="1" skipped="0" failures="0" errors="0" timestamp="2017-04-26T07:40:55" hostname="fuxi16" time="0.002">
  <properties/>
  <testcase name="testi" classname="integration.MainTest" time="0.002"/>
  <system-out><![CDATA[]]></system-out>
  <system-err><![CDATA[]]></system-err>
</testsuite>
