<?xml version="1.0" encoding="UTF-8"?>
<testsuite name="Scenario: user can add a reference" tests="4" skipped="0" failures="0" errors="0" timestamp="2017-04-19T06:17:08" hostname="fuxi16" time="3.899">
  <properties/>
  <testcase name="Given uusi viite is selected" classname="Scenario: user can add a reference" time="0.0"/>
  <testcase name="When nimi &quot;Clean Code: A Handbook of Agile Software Craftsmanship&quot; and kirjoittaja &quot;Martin, Robert&quot; and publisher &quot;Prentice Hall&quot; and julkaisuvuosi &quot;2008&quot; and julkaisijan osoite &quot;The address&quot; and painos &quot;3&quot; are entered" classname="Scenario: user can add a reference" time="0.0"/>
  <testcase name="Then the reference is added and user is returned to the front page" classname="Scenario: user can add a reference" time="0.0"/>
  <testcase name="classMethod" classname="Scenario: user can add a reference" time="5.769"/>
  <system-out><![CDATA[]]></system-out>
  <system-err><![CDATA[Starting ChromeDriver 2.29.461571 (8a88bbe0775e2a23afda0ceaf2ef7ee74e822cc5) on port 19636
Only local connections are allowed.
]]></system-err>
</testsuite>
