<?xml version="1.0" encoding="UTF-8"?>
<testsuite name="Scenario: user can add a book reference" tests="4" skipped="0" failures="0" errors="0" timestamp="2017-04-26T07:32:39" hostname="fuxi16" time="4.935">
  <properties/>
  <testcase name="Given uusi viite is selected" classname="Scenario: user can add a book reference" time="0.001"/>
  <testcase name="When &quot;book&quot; is selected and title &quot;Clean Code: A Handbook of Agile Software Craftsmanship&quot; and author &quot;Martin, Robert&quot; and publisher &quot;Prentice Hall&quot; and year &quot;2008&quot; and address &quot;The address&quot; and edition &quot;3&quot; are entered" classname="Scenario: user can add a book reference" time="0.0"/>
  <testcase name="Then the reference is added and user is returned to the front page" classname="Scenario: user can add a book reference" time="0.0"/>
  <testcase name="classMethod" classname="Scenario: user can add a book reference" time="6.666"/>
  <system-out><![CDATA[]]></system-out>
  <system-err><![CDATA[Starting ChromeDriver 2.29.461571 (8a88bbe0775e2a23afda0ceaf2ef7ee74e822cc5) on port 12322
Only local connections are allowed.
]]></system-err>
</testsuite>
